=== Build Output ===
> D:\Program Files\Huawei\DevEco Studio\tools\node\node.exe D:\Program Files\Huawei\DevEco Studio\tools\hvigor\bin\hvigorw.js --mode project -p product=default assembleApp -p buildMode=debug -p debuggable=true -p debugLine=false --no-daemon

> hvigor Finished ::PreBuildApp... after 1 ms 
> hvigor UP-TO-DATE :entry:default@PreBuild...  
> hvigor Finished ::DuplicateDependencyCheck... after 2 ms 
> hvigor Finished :entry:default@CreateModuleInfo... after 2 ms 
> hvigor UP-TO-DATE :entry:default@GenerateMetadata...  
> hvigor Finished :entry:default@ConfigureCmake... after 29 ms 
> hvigor UP-TO-DATE :entry:default@MergeProfile...  
> hvigor UP-TO-DATE :entry:default@CreateBuildProfile...  
> hvigor Finished :entry:default@PreCheckSyscap... after 1 ms 
> hvigor Finished :entry:default@ProcessIntegratedHsp... after 2 ms 
> hvigor UP-TO-DATE :entry:default@MakePackInfo...  
> hvigor Finished :entry:default@SyscapTransform... after 71 ms 
> hvigor Finished :entry:default@BuildNativeWithCmake... after 1 s 112 ms 
> hvigor UP-TO-DATE :entry:default@GeneratePkgContextInfo...  
> hvigor UP-TO-DATE :entry:default@ProcessProfile...  
> hvigor UP-TO-DATE :entry:default@ProcessRouterMap...  
> hvigor UP-TO-DATE :entry:default@ProcessShareConfig...  
> hvigor Finished :entry:default@ProcessStartupConfig... after 6 ms 
> hvigor UP-TO-DATE :entry:default@ProcessResource...  
> hvigor UP-TO-DATE :entry:default@GenerateLoaderJson...  
> hvigor UP-TO-DATE :entry:default@CompileResource...  
> hvigor Finished :entry:default@BuildJS... after 4 ms 
> hvigor Finished :entry:default@BuildNativeWithNinja... after 20 s 520 ms 
> hvigor Finished :entry:default@ProcessLibs... after 1 s 834 ms 
> hvigor Finished :entry:default@DoNativeStrip... after 1 s 153 ms 
> hvigor Finished :entry:default@CacheNativeLibs... after 11 ms 
> hvigor WARN: WARN: ArkTS:WARN File: D:/tmp/mrpohos/entry/src/main/ets/entryability/EntryAbility.ets:11:8
 Function may throw exceptions. Special handling is required.

WARN: ArkTS:WARN File: D:/tmp/mrpohos/entry/src/main/ets/entryability/EntryAbility.ets:12:5
 Function may throw exceptions. Special handling is required.

WARN: ArkTS:WARN File: D:/tmp/mrpohos/entry/src/main/ets/entryability/EntryAbility.ets:24:9
 Function may throw exceptions. Special handling is required.

WARN: ArkTS:WARN File: D:/tmp/mrpohos/entry/src/main/ets/entryability/EntryAbility.ets:50:16
 'SetOrCreate' has been deprecated.

WARN: ArkTS:WARN File: D:/tmp/mrpohos/entry/src/main/ets/entryability/EntryAbility.ets:61:16
 'SetOrCreate' has been deprecated.


> hvigor Finished :entry:default@CompileArkTS... after 19 s 986 ms 
> hvigor Finished :entry:default@GeneratePkgModuleJson... after 13 ms 
> hvigor Finished :entry:default@ProcessCompiledResources... after 2 ms 
> hvigor Finished :entry:default@PackageHap... after 1 s 737 ms 
> hvigor Finished :entry:default@PackingCheck... after 9 ms 
> hvigor WARN: Will skip sign 'hos_hap'. No signingConfigs profile is configured in current project.
             If needed, configure the signingConfigs in D:\tmp\mrpohos\build-profile.json5.
> hvigor Finished :entry:default@SignHap... after 3 ms 
> hvigor Finished :entry:default@CollectDebugSymbol... after 3 ms 
> hvigor Finished :entry:assembleHap... after 1 ms 
> hvigor Finished ::MakeProjectPackInfo... after 8 ms 
> hvigor Finished ::ProcessProjectPrivacyProfile... after 11 ms 
> hvigor Finished ::GeneratePackRes... after 2 ms 
> hvigor Finished ::PackageApp... after 720 ms 
> hvigor Finished ::SignPackagesFromApp... after 2 ms 
> hvigor WARN: Will skip sign 'app'. No signingConfigs profile is configured in current project.
             If needed, configure the signingConfigs in D:\tmp\mrpohos\build-profile.json5.
> hvigor Finished ::SignApp... after 2 ms 
> hvigor Finished ::assembleApp... after 1 ms 
> hvigor BUILD SUCCESSFUL in 47 s 147 ms 


Process finished with exit code 0

