=== Build Output ===
> D:\Program Files\Huawei\DevEco Studio\tools\node\node.exe D:\Program Files\Huawei\DevEco Studio\tools\hvigor\bin\hvigorw.js --mode project -p product=default assembleApp -p buildMode=debug -p debuggable=true -p debugLine=false --no-daemon

> hvigor Finished ::PreBuildApp... after 1 ms 
> hvigor UP-TO-DATE :entry:default@PreBuild...  
> hvigor Finished ::DuplicateDependencyCheck... after 2 ms 
> hvigor Finished :entry:default@CreateModuleInfo... after 2 ms 
> hvigor UP-TO-DATE :entry:default@GenerateMetadata...  
> hvigor Finished :entry:default@ConfigureCmake... after 96 ms 
> hvigor UP-TO-DATE :entry:default@MergeProfile...  
> hvigor UP-TO-DATE :entry:default@CreateBuildProfile...  
> hvigor Finished :entry:default@PreCheckSyscap... after 7 ms 
> hvigor Finished :entry:default@ProcessIntegratedHsp... after 2 ms 
> hvigor Finished :entry:default@BuildNativeWithCmake... after 295 ms 
> hvigor UP-TO-DATE :entry:default@MakePackInfo...  
> hvigor Finished :entry:default@SyscapTransform... after 22 ms 
> hvigor UP-TO-DATE :entry:default@GeneratePkgContextInfo...  
> hvigor UP-TO-DATE :entry:default@ProcessProfile...  
> hvigor UP-TO-DATE :entry:default@ProcessRouterMap...  
> hvigor UP-TO-DATE :entry:default@ProcessShareConfig...  
> hvigor Finished :entry:default@ProcessStartupConfig... after 5 ms 
> hvigor UP-TO-DATE :entry:default@ProcessResource...  
> hvigor UP-TO-DATE :entry:default@GenerateLoaderJson...  
> hvigor UP-TO-DATE :entry:default@CompileResource...  
> hvigor UP-TO-DATE :entry:default@CompileArkTS...  
> hvigor Finished :entry:default@BuildJS... after 6 ms 
> hvigor Finished :entry:default@BuildNativeWithNinja... after 7 s 85 ms 
> hvigor Finished :entry:default@ProcessLibs... after 2 s 681 ms 
> hvigor Finished :entry:default@DoNativeStrip... after 1 s 101 ms 
> hvigor Finished :entry:default@CacheNativeLibs... after 12 ms 
> hvigor UP-TO-DATE :entry:default@GeneratePkgModuleJson...  
> hvigor Finished :entry:default@ProcessCompiledResources... after 4 ms 
> hvigor Finished :entry:default@PackageHap... after 5 s 638 ms 
> hvigor Finished :entry:default@PackingCheck... after 12 ms 
> hvigor WARN: Will skip sign 'hos_hap'. No signingConfigs profile is configured in current project.
             If needed, configure the signingConfigs in D:\tmp\mrpohos\build-profile.json5.
> hvigor Finished :entry:default@SignHap... after 5 ms 
> hvigor Finished :entry:default@CollectDebugSymbol... after 3 ms 
> hvigor Finished :entry:assembleHap... after 1 ms 
> hvigor UP-TO-DATE ::MakeProjectPackInfo...  
> hvigor UP-TO-DATE ::ProcessProjectPrivacyProfile...  
> hvigor UP-TO-DATE ::GeneratePackRes...  
> hvigor Finished ::PackageApp... after 14 s 798 ms 
> hvigor WARN: Will skip sign 'app'. No signingConfigs profile is configured in current project.
             If needed, configure the signingConfigs in D:\tmp\mrpohos\build-profile.json5.
> hvigor Finished ::SignPackagesFromApp... after 2 ms 
> hvigor Finished ::SignApp... after 3 ms 
> hvigor Finished ::assembleApp... after 1 ms 
> hvigor BUILD SUCCESSFUL in 1 min 7 s 585 ms 


Process finished with exit code 0

