=== Clean Output ===
> D:\Program Files\Huawei\DevEco Studio\tools\node\node.exe D:\Program Files\Huawei\DevEco Studio\tools\hvigor\bin\hvigorw.js clean --no-daemon

> hvigor Finished :entry:clean... after 513 ms 
> hvigor Finished ::clean... after 1 ms 
> hvigor BUILD SUCCESSFUL in 32 s 323 ms 


Process finished with exit code 0

=== Build Output ===
> D:\Program Files\Huawei\DevEco Studio\tools\node\node.exe D:\Program Files\Huawei\DevEco Studio\tools\hvigor\bin\hvigorw.js --mode project -p product=default assembleApp -p buildMode=debug -p debuggable=true -p debugLine=false --no-daemon

> hvigor Finished ::PreBuildApp... after 1 ms 
> hvigor UP-TO-DATE :entry:default@PreBuild...  
> hvigor Finished ::DuplicateDependencyCheck... after 1 ms 
> hvigor Finished :entry:default@CreateModuleInfo... after 1 ms 
> hvigor Finished :entry:default@GenerateMetadata... after 8 ms 
> hvigor Finished :entry:default@ConfigureCmake... after 25 ms 
> hvigor Finished :entry:default@MergeProfile... after 6 ms 
> hvigor Finished :entry:default@CreateBuildProfile... after 7 ms 
> hvigor Finished :entry:default@PreCheckSyscap... after 1 ms 
> hvigor Finished :entry:default@ProcessIntegratedHsp... after 2 ms 
> hvigor Finished :entry:default@MakePackInfo... after 7 ms 
> hvigor Finished :entry:default@SyscapTransform... after 24 ms 
> hvigor Finished :entry:default@BuildNativeWithCmake... after 6 s 409 ms 
> hvigor Finished :entry:default@GeneratePkgContextInfo... after 210 ms 
> hvigor Finished :entry:default@ProcessProfile... after 9 s 94 ms 
> hvigor Finished :entry:default@ProcessRouterMap... after 70 ms 
> hvigor Finished :entry:default@ProcessShareConfig... after 4 ms 
> hvigor Finished :entry:default@ProcessStartupConfig... after 3 ms 
> hvigor Finished :entry:default@ProcessResource... after 165 ms 
> hvigor Finished :entry:default@GenerateLoaderJson... after 136 ms 
> hvigor Finished :entry:default@CompileResource... after 4 s 989 ms 
> hvigor Finished :entry:default@BuildJS... after 4 ms 
> hvigor Finished :entry:default@BuildNativeWithNinja... after 23 s 339 ms 
> hvigor Finished :entry:default@ProcessLibs... after 2 s 577 ms 
> hvigor Finished :entry:default@DoNativeStrip... after 3 s 407 ms 
> hvigor Finished :entry:default@CacheNativeLibs... after 7 ms 
> hvigor ERROR: Failed :entry:default@CompileArkTS... 
> hvigor ERROR:  ERROR: the manifest file D:/tmp/mrpohos/entry/src/main/ets/manifest.json or module.json is lost or format is invalid. 

* Try:
> Run with --stacktrace option to get the stack trace.
> Run with --debug option to get more log output.

> hvigor ERROR: BUILD FAILED in 58 s 643 ms 


Process finished with exit code -1

